#
# There is insufficient memory for the Java Runtime Environment to continue.
# Native memory allocation (malloc) failed to allocate 2419696 bytes for Chunk::new
# Possible reasons:
#   The system is out of physical RAM or swap space
#   The process is running with CompressedOops enabled, and the Java Heap may be blocking the growth of the native heap
# Possible solutions:
#   Reduce memory load on the system
#   Increase physical memory or swap space
#   Check if swap backing store is full
#   Decrease Java heap size (-Xmx/-Xms)
#   Decrease number of Java threads
#   Decrease Java thread stack sizes (-Xss)
#   Set larger code cache with -XX:ReservedCodeCacheSize=
#   JVM is running with Unscaled Compressed Oops mode in which the Java heap is
#     placed in the first 4GB address space. The Java Heap base address is the
#     maximum limit for the native heap growth. Please use -XX:HeapBaseMinAddress
#     to set the Java Heap base and to place the Java Heap above 4GB virtual address.
# This output file may be truncated or incomplete.
#
#  Out of Memory Error (allocation.cpp:389), pid=13892, tid=0x000000000000354c
#
# JRE version: OpenJDK Runtime Environment (8.0_212-b04) (build 1.8.0_212-release-1586-b04)
# Java VM: OpenJDK 64-Bit Server VM (25.212-b04 mixed mode windows-amd64 compressed oops)
# Failed to write core dump. Minidumps are not enabled by default on client versions of Windows
#

---------------  T H R E A D  ---------------

Current thread (0x0000000016623800):  JavaThread "C2 CompilerThread0" daemon [_thread_in_native, id=13644, stack(0x0000000017c60000,0x0000000017d60000)]

Stack: [0x0000000017c60000,0x0000000017d60000]
[error occurred during error reporting (printing stack bounds), id 0xc0000005]

Native frames: (J=compiled Java code, j=interpreted, Vv=VM code, C=native code)


Current CompileTask:
C2:3816971 20958 %     4       com.android.tools.r8.B.a.a.f::a @ 1772 (3659 bytes)


---------------  P R O C E S S  ---------------

Java Threads: ( => current thread )
  0x000000001d8dc800 JavaThread "WorkerExecutor Queue Thread 5" [_thread_blocked, id=12520, stack(0x0000000032900000,0x0000000032a00000)]
  0x000000001d8d8800 JavaThread "WorkerExecutor Queue Thread 4" [_thread_blocked, id=10968, stack(0x0000000032800000,0x0000000032900000)]
  0x000000001d8da000 JavaThread "WorkerExecutor Queue Thread 3" [_thread_in_Java, id=15256, stack(0x0000000032700000,0x0000000032800000)]
  0x000000001d8dd000 JavaThread "Cache worker for Java compile cache (D:\androiProject\LeThiMongNgan_59131524_LifeCycle\.gradle\5.6.4\javaCompile)" [_thread_blocked, id=11552, stack(0x0000000032600000,0x0000000032700000)]
  0x000000001d8db800 JavaThread "WorkerExecutor Queue Thread 2" [_thread_in_Java, id=11912, stack(0x0000000032500000,0x0000000032600000)]
  0x000000001a6f5000 JavaThread "stdout" [_thread_in_native, id=8148, stack(0x0000000032400000,0x0000000032500000)]
  0x000000001a6f0800 JavaThread "stderr" [_thread_in_native, id=6096, stack(0x0000000032300000,0x0000000032400000)]
  0x000000001a6f6800 JavaThread "pool-11-thread-1" [_thread_blocked, id=13060, stack(0x0000000032200000,0x0000000032300000)]
  0x000000001a6f6000 JavaThread "WorkerExecutor Queue" [_thread_in_Java, id=6440, stack(0x0000000032100000,0x0000000032200000)]
  0x000000001a6f4800 JavaThread "Cache worker for execution history cache (D:\androiProject\LeThiMongNgan_59131524_LifeCycle\.gradle\5.6.4\executionHistory)" [_thread_blocked, id=14520, stack(0x0000000032000000,0x0000000032100000)]
  0x000000001a6f3000 JavaThread "Execution worker for ':' Thread 3" [_thread_blocked, id=10812, stack(0x0000000031f00000,0x0000000032000000)]
  0x000000001a6e9000 JavaThread "Execution worker for ':' Thread 2" [_thread_blocked, id=9680, stack(0x0000000031e00000,0x0000000031f00000)]
  0x000000001a6ef000 JavaThread "Execution worker for ':'" [_thread_blocked, id=9800, stack(0x0000000031d00000,0x0000000031e00000)]
  0x000000001a6ed000 JavaThread "Cache worker for file content cache (D:\androiProject\LeThiMongNgan_59131524_LifeCycle\.gradle\5.6.4\fileContent)" [_thread_blocked, id=11784, stack(0x0000000031c00000,0x0000000031d00000)]
  0x000000001a6ec000 JavaThread "Cache worker for Build Output Cleanup Cache (D:\androiProject\LeThiMongNgan_59131524_LifeCycle\.gradle\buildOutputCleanup)" [_thread_blocked, id=11288, stack(0x0000000031b00000,0x0000000031c00000)]
  0x000000001a6f0000 JavaThread "Build operations Thread 4" [_thread_blocked, id=9652, stack(0x0000000031a00000,0x0000000031b00000)]
  0x000000001ddb0000 JavaThread "Build operations Thread 3" [_thread_blocked, id=8744, stack(0x0000000031900000,0x0000000031a00000)]
  0x000000001ddb1800 JavaThread "Build operations Thread 2" [_thread_blocked, id=9136, stack(0x0000000031800000,0x0000000031900000)]
  0x000000001dda8000 JavaThread "Build operations" [_thread_blocked, id=3028, stack(0x0000000031700000,0x0000000031800000)]
  0x000000001ddae800 JavaThread "Cache worker for cache directory md-rule (C:\Users\Admin\.gradle\caches\5.6.4\md-rule)" [_thread_blocked, id=6804, stack(0x0000000031600000,0x0000000031700000)]
  0x000000001dda7000 JavaThread "Cache worker for cache directory md-supplier (C:\Users\Admin\.gradle\caches\5.6.4\md-supplier)" [_thread_blocked, id=15328, stack(0x0000000031500000,0x0000000031600000)]
  0x000000001ddae000 JavaThread "Cache worker for file hash cache (D:\androiProject\LeThiMongNgan_59131524_LifeCycle\.gradle\5.6.4\fileHashes)" [_thread_blocked, id=13756, stack(0x0000000031400000,0x0000000031500000)]
  0x000000001ddad000 JavaThread "Thread-127" [_thread_blocked, id=800, stack(0x0000000031300000,0x0000000031400000)]
  0x000000001dda5000 JavaThread "Stdin handler" [_thread_blocked, id=10928, stack(0x0000000031200000,0x0000000031300000)]
  0x000000001dda4000 JavaThread "Asynchronous log dispatcher for DefaultDaemonConnection: socket connection from /127.0.0.1:57028 to /127.0.0.1:59691" [_thread_blocked, id=7308, stack(0x0000000031100000,0x0000000031200000)]
  0x000000001dda3800 JavaThread "Daemon worker Thread 5" [_thread_blocked, id=11860, stack(0x0000000031000000,0x0000000031100000)]
  0x000000001dda9800 JavaThread "Cancel handler" [_thread_blocked, id=6496, stack(0x0000000030f00000,0x0000000031000000)]
  0x000000001dda6800 JavaThread "Handler for socket connection from /127.0.0.1:57028 to /127.0.0.1:59691" [_thread_in_native, id=4112, stack(0x0000000030e00000,0x0000000030f00000)]
  0x000000001dda2800 JavaThread "Daemon Thread 5" [_thread_blocked, id=10964, stack(0x0000000030d00000,0x0000000030e00000)]
  0x000000001ddb1000 JavaThread "Cache worker for Java compile cache (C:\Users\Admin\.gradle\caches\5.6.4\javaCompile)" [_thread_blocked, id=14040, stack(0x0000000026560000,0x0000000026660000)]
  0x000000001a6f2000 JavaThread "Cache worker for file content cache (C:\Users\Admin\.gradle\caches\5.6.4\fileContent)" [_thread_blocked, id=4484, stack(0x0000000022d80000,0x0000000022e80000)]
  0x000000001a6f1800 JavaThread "Memory manager" [_thread_blocked, id=620, stack(0x0000000022c80000,0x0000000022d80000)]
  0x000000001a6ea000 JavaThread "Cache worker for execution history cache (C:\Users\Admin\.gradle\caches\5.6.4\executionHistory)" [_thread_blocked, id=15324, stack(0x0000000021620000,0x0000000021720000)]
  0x0000000019ff5000 JavaThread "Cache worker for journal cache (C:\Users\Admin\.gradle\caches\journal-1)" [_thread_blocked, id=6148, stack(0x000000001c380000,0x000000001c480000)]
  0x0000000019ff8000 JavaThread "File lock request listener" [_thread_in_native, id=3528, stack(0x000000001c280000,0x000000001c380000)]
  0x0000000019ffa000 JavaThread "Cache worker for file hash cache (C:\Users\Admin\.gradle\caches\5.6.4\fileHashes)" [_thread_blocked, id=10016, stack(0x000000001c180000,0x000000001c280000)]
  0x0000000019ea9800 JavaThread "Daemon periodic checks" [_thread_blocked, id=9584, stack(0x000000001b580000,0x000000001b680000)]
  0x00000000185b6000 JavaThread "Incoming local TCP Connector on port 57028" [_thread_in_native, id=13752, stack(0x000000001b340000,0x000000001b440000)]
  0x0000000019db7800 JavaThread "Daemon health stats" [_thread_blocked, id=12492, stack(0x000000001ad00000,0x000000001ae00000)]
  0x000000001667e000 JavaThread "Service Thread" daemon [_thread_blocked, id=12868, stack(0x0000000018360000,0x0000000018460000)]
  0x000000001663b800 JavaThread "C1 CompilerThread2" daemon [_thread_blocked, id=1424, stack(0x0000000017e60000,0x0000000017f60000)]
  0x0000000016628800 JavaThread "C2 CompilerThread1" daemon [_thread_in_native, id=296, stack(0x0000000017d60000,0x0000000017e60000)]
=>0x0000000016623800 JavaThread "C2 CompilerThread0" daemon [_thread_in_native, id=13644, stack(0x0000000017c60000,0x0000000017d60000)]
  0x0000000016622000 JavaThread "Attach Listener" daemon [_thread_blocked, id=6808, stack(0x0000000017b60000,0x0000000017c60000)]
  0x0000000016621000 JavaThread "Signal Dispatcher" daemon [_thread_blocked, id=5776, stack(0x0000000017a60000,0x0000000017b60000)]
  0x0000000002caa000 JavaThread "Finalizer" daemon [_thread_blocked, id=4840, stack(0x0000000017870000,0x0000000017970000)]
  0x0000000002ca1000 JavaThread "Reference Handler" daemon [_thread_blocked, id=8240, stack(0x0000000017770000,0x0000000017870000)]
  0x0000000002b8d800 JavaThread "main" [_thread_blocked, id=14832, stack(0x0000000002a40000,0x0000000002b40000)]

Other Threads:
  0x00000000165e6800 VMThread [stack: 0x0000000017670000,0x0000000017770000] [id=12876]
  0x0000000017fa4000 WatcherThread [stack: 0x0000000018460000,0x0000000018560000] [id=13880]

VM state:not at safepoint (normal execution)

VM Mutex/Monitor currently owned by a thread: None

heap address: 0x00000000a0000000, size: 1536 MB, Compressed Oops mode: 32-bit
Narrow klass base: 0x0000000000000000, Narrow klass shift: 3
Compressed class space size: 1073741824 Address: 0x0000000100000000

Heap:
 PSYoungGen      total 445440K, used 116142K [0x00000000e0000000, 0x00000000fe200000, 0x0000000100000000)
  eden space 417792K, 24% used [0x00000000e0000000,0x00000000e6407de8,0x00000000f9800000)
  from space 27648K, 49% used [0x00000000fc700000,0x00000000fd463a98,0x00000000fe200000)
  to   space 37888K, 0% used [0x00000000f9800000,0x00000000f9800000,0x00000000fbd00000)
 ParOldGen       total 135680K, used 74294K [0x00000000a0000000, 0x00000000a8480000, 0x00000000e0000000)
  object space 135680K, 54% used [0x00000000a0000000,0x00000000a488d8e8,0x00000000a8480000)
 Metaspace       used 91844K, capacity 96270K, committed 96472K, reserved 1132544K
  class space    used 11887K, capacity 12690K, committed 12760K, reserved 1048576K

Card table byte_map: [0x0000000012070000,0x0000000012380000] byte_map_base: 0x0000000011b70000

Marking Bits: (ParMarkBitMap*) 0x000000005c499f30
 Begin Bits: [0x0000000012980000, 0x0000000014180000)
 End Bits:   [0x0000000014180000, 0x0000000015980000)

Polling page: 0x0000000000e60000

CodeCache: size=245760Kb used=58506Kb max_used=58523Kb free=187253Kb
 bounds [0x0000000002cb0000, 0x0000000006630000, 0x0000000011cb0000]
 total_blobs=17888 nmethods=17010 adapters=789
 compilation: enabled

Compilation events (10 events):
Event: 3814.386 Thread 0x0000000016628800 nmethod 20950 0x000000000660eb10 code [0x000000000660ee60, 0x0000000006611300]
Event: 3814.386 Thread 0x0000000016628800 20962       4       com.android.tools.r8.graph.y0::a (1149 bytes)
Event: 3814.706 Thread 0x000000001663b800 20966       2       com.android.tools.r8.graph.e0::n (153 bytes)
Event: 3814.708 Thread 0x000000001663b800 nmethod 20966 0x0000000006608090 code [0x0000000006608280, 0x0000000006608998]
Event: 3814.784 Thread 0x0000000016628800 nmethod 20962 0x0000000006619cd0 code [0x000000000661a4c0, 0x000000000661fcd0]
Event: 3814.785 Thread 0x0000000016628800 20963       4       com.android.tools.r8.B.a.a.f::f (45 bytes)
Event: 3814.815 Thread 0x0000000016628800 nmethod 20963 0x000000000660d750 code [0x000000000660d8c0, 0x000000000660e3b8]
Event: 3814.815 Thread 0x0000000016628800 20961 %     4       com.android.tools.r8.B.a.a.f::<init> @ 106 (383 bytes)
Event: 3814.845 Thread 0x0000000016628800 nmethod 20961% 0x000000000660c790 code [0x000000000660cb60, 0x000000000660d308]
Event: 3814.845 Thread 0x0000000016628800 20964       4       com.android.tools.r8.u.c.J::a (953 bytes)

GC Heap History (10 events):
Event: 781.506 GC heap before
{Heap before GC invocations=30 (full 4):
 PSYoungGen      total 299520K, used 260535K [0x00000000e0000000, 0x00000000f8280000, 0x0000000100000000)
  eden space 254464K, 100% used [0x00000000e0000000,0x00000000ef880000,0x00000000ef880000)
  from space 45056K, 13% used [0x00000000ef880000,0x00000000efe6de78,0x00000000f2480000)
  to   space 44544K, 0% used [0x00000000f5700000,0x00000000f5700000,0x00000000f8280000)
 ParOldGen       total 135680K, used 55734K [0x00000000a0000000, 0x00000000a8480000, 0x00000000e0000000)
  object space 135680K, 41% used [0x00000000a0000000,0x00000000a366d9f8,0x00000000a8480000)
 Metaspace       used 89915K, capacity 93836K, committed 94296K, reserved 1130496K
  class space    used 11733K, capacity 12493K, committed 12632K, reserved 1048576K
Event: 781.543 GC heap after
Heap after GC invocations=30 (full 4):
 PSYoungGen      total 338944K, used 14048K [0x00000000e0000000, 0x00000000f7a80000, 0x0000000100000000)
  eden space 302592K, 0% used [0x00000000e0000000,0x00000000e0000000,0x00000000f2780000)
  from space 36352K, 38% used [0x00000000f5700000,0x00000000f64b80e0,0x00000000f7a80000)
  to   space 42496K, 0% used [0x00000000f2780000,0x00000000f2780000,0x00000000f5100000)
 ParOldGen       total 135680K, used 55734K [0x00000000a0000000, 0x00000000a8480000, 0x00000000e0000000)
  object space 135680K, 41% used [0x00000000a0000000,0x00000000a366d9f8,0x00000000a8480000)
 Metaspace       used 89915K, capacity 93836K, committed 94296K, reserved 1130496K
  class space    used 11733K, capacity 12493K, committed 12632K, reserved 1048576K
}
Event: 786.820 GC heap before
{Heap before GC invocations=31 (full 4):
 PSYoungGen      total 338944K, used 316640K [0x00000000e0000000, 0x00000000f7a80000, 0x0000000100000000)
  eden space 302592K, 100% used [0x00000000e0000000,0x00000000f2780000,0x00000000f2780000)
  from space 36352K, 38% used [0x00000000f5700000,0x00000000f64b80e0,0x00000000f7a80000)
  to   space 42496K, 0% used [0x00000000f2780000,0x00000000f2780000,0x00000000f5100000)
 ParOldGen       total 135680K, used 55734K [0x00000000a0000000, 0x00000000a8480000, 0x00000000e0000000)
  object space 135680K, 41% used [0x00000000a0000000,0x00000000a366d9f8,0x00000000a8480000)
 Metaspace       used 89941K, capacity 93860K, committed 94296K, reserved 1130496K
  class space    used 11736K, capacity 12497K, committed 12632K, reserved 1048576K
Event: 787.207 GC heap after
Heap after GC invocations=31 (full 4):
 PSYoungGen      total 345088K, used 4064K [0x00000000e0000000, 0x00000000fb500000, 0x0000000100000000)
  eden space 302592K, 0% used [0x00000000e0000000,0x00000000e0000000,0x00000000f2780000)
  from space 42496K, 9% used [0x00000000f2780000,0x00000000f2b781b0,0x00000000f5100000)
  to   space 42496K, 0% used [0x00000000f8b80000,0x00000000f8b80000,0x00000000fb500000)
 ParOldGen       total 135680K, used 66892K [0x00000000a0000000, 0x00000000a8480000, 0x00000000e0000000)
  object space 135680K, 49% used [0x00000000a0000000,0x00000000a4153088,0x00000000a8480000)
 Metaspace       used 89941K, capacity 93860K, committed 94296K, reserved 1130496K
  class space    used 11736K, capacity 12497K, committed 12632K, reserved 1048576K
}
Event: 793.980 GC heap before
{Heap before GC invocations=32 (full 4):
 PSYoungGen      total 345088K, used 306656K [0x00000000e0000000, 0x00000000fb500000, 0x0000000100000000)
  eden space 302592K, 100% used [0x00000000e0000000,0x00000000f2780000,0x00000000f2780000)
  from space 42496K, 9% used [0x00000000f2780000,0x00000000f2b781b0,0x00000000f5100000)
  to   space 42496K, 0% used [0x00000000f8b80000,0x00000000f8b80000,0x00000000fb500000)
 ParOldGen       total 135680K, used 66892K [0x00000000a0000000, 0x00000000a8480000, 0x00000000e0000000)
  object space 135680K, 49% used [0x00000000a0000000,0x00000000a4153088,0x00000000a8480000)
 Metaspace       used 89969K, capacity 93860K, committed 94296K, reserved 1130496K
  class space    used 11736K, capacity 12497K, committed 12632K, reserved 1048576K
Event: 794.233 GC heap after
Heap after GC invocations=32 (full 4):
 PSYoungGen      total 400896K, used 3378K [0x00000000e0000000, 0x00000000fb280000, 0x0000000100000000)
  eden space 360960K, 0% used [0x00000000e0000000,0x00000000e0000000,0x00000000f6080000)
  from space 39936K, 8% used [0x00000000f8b80000,0x00000000f8eccb58,0x00000000fb280000)
  to   space 41984K, 0% used [0x00000000f6080000,0x00000000f6080000,0x00000000f8980000)
 ParOldGen       total 135680K, used 68404K [0x00000000a0000000, 0x00000000a8480000, 0x00000000e0000000)
  object space 135680K, 50% used [0x00000000a0000000,0x00000000a42cd2d0,0x00000000a8480000)
 Metaspace       used 89969K, capacity 93860K, committed 94296K, reserved 1130496K
  class space    used 11736K, capacity 12497K, committed 12632K, reserved 1048576K
}
Event: 805.736 GC heap before
{Heap before GC invocations=33 (full 4):
 PSYoungGen      total 400896K, used 364338K [0x00000000e0000000, 0x00000000fb280000, 0x0000000100000000)
  eden space 360960K, 100% used [0x00000000e0000000,0x00000000f6080000,0x00000000f6080000)
  from space 39936K, 8% used [0x00000000f8b80000,0x00000000f8eccb58,0x00000000fb280000)
  to   space 41984K, 0% used [0x00000000f6080000,0x00000000f6080000,0x00000000f8980000)
 ParOldGen       total 135680K, used 68404K [0x00000000a0000000, 0x00000000a8480000, 0x00000000e0000000)
  object space 135680K, 50% used [0x00000000a0000000,0x00000000a42cd2d0,0x00000000a8480000)
 Metaspace       used 89988K, capacity 93924K, committed 94552K, reserved 1130496K
  class space    used 11736K, capacity 12497K, committed 12632K, reserved 1048576K
Event: 805.893 GC heap after
Heap after GC invocations=33 (full 4):
 PSYoungGen      total 402944K, used 6336K [0x00000000e0000000, 0x00000000fee80000, 0x0000000100000000)
  eden space 360960K, 0% used [0x00000000e0000000,0x00000000e0000000,0x00000000f6080000)
  from space 41984K, 15% used [0x00000000f6080000,0x00000000f66b0350,0x00000000f8980000)
  to   space 40448K, 0% used [0x00000000fc700000,0x00000000fc700000,0x00000000fee80000)
 ParOldGen       total 135680K, used 71067K [0x00000000a0000000, 0x00000000a8480000, 0x00000000e0000000)
  object space 135680K, 52% used [0x00000000a0000000,0x00000000a4566fd0,0x00000000a8480000)
 Metaspace       used 89988K, capacity 93924K, committed 94552K, reserved 1130496K
  class space    used 11736K, capacity 12497K, committed 12632K, reserved 1048576K
}
Event: 3789.051 GC heap before
{Heap before GC invocations=34 (full 4):
 PSYoungGen      total 402944K, used 367296K [0x00000000e0000000, 0x00000000fee80000, 0x0000000100000000)
  eden space 360960K, 100% used [0x00000000e0000000,0x00000000f6080000,0x00000000f6080000)
  from space 41984K, 15% used [0x00000000f6080000,0x00000000f66b0350,0x00000000f8980000)
  to   space 40448K, 0% used [0x00000000fc700000,0x00000000fc700000,0x00000000fee80000)
 ParOldGen       total 135680K, used 71067K [0x00000000a0000000, 0x00000000a8480000, 0x00000000e0000000)
  object space 135680K, 52% used [0x00000000a0000000,0x00000000a4566fd0,0x00000000a8480000)
 Metaspace       used 91185K, capacity 95498K, committed 95704K, reserved 1132544K
  class space    used 11830K, capacity 12652K, committed 12760K, reserved 1048576K
Event: 3789.826 GC heap after
Heap after GC invocations=34 (full 4):
 PSYoungGen      total 445440K, used 13710K [0x00000000e0000000, 0x00000000fe200000, 0x0000000100000000)
  eden space 417792K, 0% used [0x00000000e0000000,0x00000000e0000000,0x00000000f9800000)
  from space 27648K, 49% used [0x00000000fc700000,0x00000000fd463a98,0x00000000fe200000)
  to   space 37888K, 0% used [0x00000000f9800000,0x00000000f9800000,0x00000000fbd00000)
 ParOldGen       total 135680K, used 74294K [0x00000000a0000000, 0x00000000a8480000, 0x00000000e0000000)
  object space 135680K, 54% used [0x00000000a0000000,0x00000000a488d8e8,0x00000000a8480000)
 Metaspace       used 91185K, capacity 95498K, committed 95704K, reserved 1132544K
  class space    used 11830K, capacity 12652K, committed 12760K, reserved 1048576K
}

Deoptimization events (10 events):
Event: 3810.287 Thread 0x000000001a6ef000 Uncommon trap: reason=unstable_if action=reinterpret pc=0x00000000064d4c90 method=com.google.common.collect.ComparisonChain$1.classify(I)Lcom/google/common/collect/ComparisonChain; @ 1
Event: 3811.559 Thread 0x000000001a6ef000 Uncommon trap: reason=unstable_if action=reinterpret pc=0x00000000055b6e38 method=java.util.PriorityQueue.siftUp(ILjava/lang/Object;)V @ 4
Event: 3811.713 Thread 0x000000001a6ef000 Uncommon trap: reason=unstable_if action=reinterpret pc=0x00000000034d1964 method=java.lang.CharacterDataLatin1.digit(II)I @ 60
Event: 3812.206 Thread 0x000000001a6ef000 Uncommon trap: reason=predicate action=maybe_recompile pc=0x000000000657107c method=java.util.ComparableTimSort.reverseRange([Ljava/lang/Object;II)V @ 8
Event: 3812.884 Thread 0x000000001a6ef000 Uncommon trap: reason=class_check action=maybe_recompile pc=0x00000000030b6d38 method=com.sun.tools.javac.code.Types$14.visitClassType(Lcom/sun/tools/javac/code/Type$ClassType;Lcom/sun/tools/javac/code/Symbol;)Lcom/sun/tools/javac/code/Type; @ 6
Event: 3812.979 Thread 0x000000001a6ef000 Uncommon trap: reason=unstable_if action=reinterpret pc=0x00000000054253c0 method=com.sun.tools.javac.code.Types.isSameType(Lcom/sun/tools/javac/code/Type;Lcom/sun/tools/javac/code/Type;Z)Z @ 1
Event: 3813.957 Thread 0x000000001a6ef000 Uncommon trap: reason=array_check action=maybe_recompile pc=0x000000000657c214 method=java.util.ComparableTimSort.mergeHi(IIII)V @ 101
Event: 3813.957 Thread 0x000000001a6ef000 Uncommon trap: reason=array_check action=maybe_recompile pc=0x000000000657c214 method=java.util.ComparableTimSort.mergeHi(IIII)V @ 101
Event: 3813.957 Thread 0x000000001a6ef000 Uncommon trap: reason=array_check action=maybe_recompile pc=0x000000000657c214 method=java.util.ComparableTimSort.mergeHi(IIII)V @ 101
Event: 3815.033 Thread 0x000000001d8da000 Uncommon trap: reason=null_check action=make_not_entrant pc=0x000000000584554c method=com.android.tools.r8.ir.analysis.type.b.getOrCreateVariant(Lcom/android/tools/r8/ir/analysis/type/d;)Lcom/android/tools/r8/ir/analysis/type/ReferenceTypeLatticeElement; 

Classes redefined (0 events):
No events

Internal exceptions (10 events):
Event: 814.343 Thread 0x000000001a6ed000 Exception <a 'sun/nio/fs/WindowsException'> (0x00000000e6d97e80) thrown at [D:\src\AOSP-openjdk-cygwin\jdk8u\hotspot\src\share\vm\prims\jni.cpp, line 710]
Event: 1132.646 Thread 0x000000001d8dc800 Exception <a 'sun/nio/fs/WindowsException'> (0x00000000ec1ab800) thrown at [D:\src\AOSP-openjdk-cygwin\jdk8u\hotspot\src\share\vm\prims\jni.cpp, line 710]
Event: 1177.757 Thread 0x000000001d8dc800 Exception <a 'sun/nio/fs/WindowsException'> (0x00000000f0acc980) thrown at [D:\src\AOSP-openjdk-cygwin\jdk8u\hotspot\src\share\vm\prims\jni.cpp, line 710]
Event: 3784.494 Thread 0x000000001dda3800 Implicit null exception at 0x00000000036f33df to 0x00000000036f350d
Event: 3788.267 Thread 0x000000001a6ef000 Implicit null exception at 0x0000000003a0e59e to 0x0000000003a0e721
Event: 3791.259 Thread 0x000000001a6ef000 Implicit null exception at 0x0000000003dd12f5 to 0x0000000003dd1379
Event: 3809.687 Thread 0x000000001a6f6000 Exception <a 'sun/nio/fs/WindowsException'> (0x00000000e28b5a00) thrown at [D:\src\AOSP-openjdk-cygwin\jdk8u\hotspot\src\share\vm\prims\jni.cpp, line 710]
Event: 3809.687 Thread 0x000000001a6f6000 Exception <a 'sun/nio/fs/WindowsException'> (0x00000000e28b5ea8) thrown at [D:\src\AOSP-openjdk-cygwin\jdk8u\hotspot\src\share\vm\prims\jni.cpp, line 710]
Event: 3814.103 Thread 0x000000001d8da000 Exception <a 'sun/nio/fs/WindowsException'> (0x00000000e55d8068) thrown at [D:\src\AOSP-openjdk-cygwin\jdk8u\hotspot\src\share\vm\prims\jni.cpp, line 710]
Event: 3815.033 Thread 0x000000001d8da000 Implicit null exception at 0x000000000584413f to 0x0000000005845541

Events (10 events):
Event: 3813.957 Thread 0x000000001a6ef000 DEOPT PACKING pc=0x000000000657c214 sp=0x0000000031dfcec0
Event: 3813.958 Thread 0x000000001a6ef000 DEOPT UNPACKING pc=0x0000000002cf557b sp=0x0000000031dfcea8 mode 2
Event: 3814.010 Thread 0x000000001d8da000 Thread added: 0x000000001d8da000
Event: 3814.013 Thread 0x000000001d8d8800 Thread added: 0x000000001d8d8800
Event: 3814.019 Thread 0x000000001d8dc800 Thread added: 0x000000001d8dc800
Event: 3814.983 Thread 0x000000001d8db800 DEOPT PACKING pc=0x00000000055d5fed sp=0x00000000325fcd80
Event: 3814.984 Thread 0x000000001d8db800 DEOPT UNPACKING pc=0x0000000002cf75d0 sp=0x00000000325fcc20 mode 0
Event: 3815.033 Thread 0x000000001d8da000 Uncommon trap: trap_request=0xfffffff4 fr.pc=0x000000000584554c
Event: 3815.033 Thread 0x000000001d8da000 DEOPT PACKING pc=0x000000000584554c sp=0x00000000327fca80
Event: 3815.033 Thread 0x000000001d8da000 DEOPT UNPACKING pc=0x0000000002cf557b sp=0x00000000327fc9f8 mode 2


Dynamic libraries:
0x00007ff6a8810000 - 0x00007ff6a8841000 	D:\Android\AndroidStudio\jre\bin\java.exe
0x00007ffe7a280000 - 0x00007ffe7a461000 	C:\Windows\SYSTEM32\ntdll.dll
0x00007ffe77a10000 - 0x00007ffe77ac2000 	C:\Windows\System32\KERNEL32.DLL
0x00007ffe77160000 - 0x00007ffe773d3000 	C:\Windows\System32\KERNELBASE.dll
0x00007ffe77900000 - 0x00007ffe779a1000 	C:\Windows\System32\ADVAPI32.dll
0x00007ffe77860000 - 0x00007ffe778fe000 	C:\Windows\System32\msvcrt.dll
0x00007ffe77800000 - 0x00007ffe7785b000 	C:\Windows\System32\sechost.dll
0x00007ffe79c90000 - 0x00007ffe79db4000 	C:\Windows\System32\RPCRT4.dll
0x00007ffe7a060000 - 0x00007ffe7a1f0000 	C:\Windows\System32\USER32.dll
0x00007ffe77670000 - 0x00007ffe77690000 	C:\Windows\System32\win32u.dll
0x00007ffe79dc0000 - 0x00007ffe79de8000 	C:\Windows\System32\GDI32.dll
0x00007ffe767b0000 - 0x00007ffe76942000 	C:\Windows\System32\gdi32full.dll
0x00007ffe775d0000 - 0x00007ffe7766f000 	C:\Windows\System32\msvcp_win.dll
0x00007ffe77060000 - 0x00007ffe7715a000 	C:\Windows\System32\ucrtbase.dll
0x00007ffe6a9d0000 - 0x00007ffe6ac39000 	C:\Windows\WinSxS\amd64_microsoft.windows.common-controls_6595b64144ccf1df_6.0.17134.1_none_e4da93291059d8fb\COMCTL32.dll
0x00007ffe78200000 - 0x00007ffe78523000 	C:\Windows\System32\combase.dll
0x00007ffe77690000 - 0x00007ffe7770a000 	C:\Windows\System32\bcryptPrimitives.dll
0x00007ffe77c60000 - 0x00007ffe77c8d000 	C:\Windows\System32\IMM32.DLL
0x000000005ca20000 - 0x000000005caf2000 	D:\Android\AndroidStudio\jre\jre\bin\msvcr100.dll
0x000000005bcd0000 - 0x000000005c516000 	D:\Android\AndroidStudio\jre\jre\bin\server\jvm.dll
0x00007ffe78530000 - 0x00007ffe78538000 	C:\Windows\System32\PSAPI.DLL
0x00007ffe6a760000 - 0x00007ffe6a769000 	C:\Windows\SYSTEM32\WSOCK32.dll
0x00007ffe78190000 - 0x00007ffe781fc000 	C:\Windows\System32\WS2_32.dll
0x00007ffe742e0000 - 0x00007ffe74303000 	C:\Windows\SYSTEM32\WINMM.dll
0x00007ffe6ce00000 - 0x00007ffe6ce0a000 	C:\Windows\SYSTEM32\VERSION.dll
0x00007ffe742b0000 - 0x00007ffe742da000 	C:\Windows\SYSTEM32\WINMMBASE.dll
0x00007ffe76700000 - 0x00007ffe76749000 	C:\Windows\System32\cfgmgr32.dll
0x00007ffe66bd0000 - 0x00007ffe66bdf000 	D:\Android\AndroidStudio\jre\jre\bin\verify.dll
0x00007ffe64ba0000 - 0x00007ffe64bc9000 	D:\Android\AndroidStudio\jre\jre\bin\java.dll
0x00007ffe64b80000 - 0x00007ffe64b96000 	D:\Android\AndroidStudio\jre\jre\bin\zip.dll
0x00007ffe787b0000 - 0x00007ffe79bf0000 	C:\Windows\System32\SHELL32.dll
0x00007ffe78540000 - 0x00007ffe785e9000 	C:\Windows\System32\shcore.dll
0x00007ffe76950000 - 0x00007ffe7705d000 	C:\Windows\System32\windows.storage.dll
0x00007ffe7a1f0000 - 0x00007ffe7a241000 	C:\Windows\System32\shlwapi.dll
0x00007ffe76610000 - 0x00007ffe76621000 	C:\Windows\System32\kernel.appcore.dll
0x00007ffe76630000 - 0x00007ffe7664f000 	C:\Windows\System32\profapi.dll
0x00007ffe765c0000 - 0x00007ffe7660c000 	C:\Windows\System32\powrprof.dll
0x00007ffe76590000 - 0x00007ffe7659a000 	C:\Windows\System32\FLTLIB.DLL
0x00007ffe63b10000 - 0x00007ffe63b2a000 	D:\Android\AndroidStudio\jre\jre\bin\net.dll
0x00007ffe6e2e0000 - 0x00007ffe6e4ac000 	C:\Windows\SYSTEM32\urlmon.dll
0x00007ffe6e020000 - 0x00007ffe6e2c2000 	C:\Windows\SYSTEM32\iertutil.dll
0x00007ffe75f60000 - 0x00007ffe75f6b000 	C:\Windows\SYSTEM32\CRYPTBASE.DLL
0x00007ffe75db0000 - 0x00007ffe75e16000 	C:\Windows\system32\mswsock.dll
0x00007ffe63660000 - 0x00007ffe63673000 	D:\Android\AndroidStudio\jre\jre\bin\nio.dll
0x00007ffe63c60000 - 0x00007ffe63c86000 	C:\Users\Admin\.gradle\native\30\windows-amd64\native-platform.dll
0x00007ffe66bc0000 - 0x00007ffe66bcd000 	D:\Android\AndroidStudio\jre\jre\bin\management.dll
0x00007ffe75f70000 - 0x00007ffe75f87000 	C:\Windows\SYSTEM32\CRYPTSP.dll
0x00007ffe75990000 - 0x00007ffe759c3000 	C:\Windows\system32\rsaenh.dll
0x00007ffe76090000 - 0x00007ffe760b5000 	C:\Windows\SYSTEM32\bcrypt.dll
0x00007ffe76490000 - 0x00007ffe764b8000 	C:\Windows\SYSTEM32\USERENV.dll
0x00007ffe75b30000 - 0x00007ffe75b68000 	C:\Windows\SYSTEM32\IPHLPAPI.DLL
0x00007ffe78180000 - 0x00007ffe78188000 	C:\Windows\System32\NSI.dll
0x00007ffe6f6d0000 - 0x00007ffe6f6e6000 	C:\Windows\SYSTEM32\dhcpcsvc6.DLL
0x00007ffe6f6b0000 - 0x00007ffe6f6ca000 	C:\Windows\SYSTEM32\dhcpcsvc.DLL

VM Arguments:
jvm_args: -Xmx1536m -Dfile.encoding=windows-1252 -Duser.country=US -Duser.language=en -Duser.variant 
java_command: org.gradle.launcher.daemon.bootstrap.GradleDaemon 5.6.4
java_class_path (initial): C:\Users\Admin\.gradle\wrapper\dists\gradle-5.6.4-all\ankdp27end7byghfw1q2sw75f\gradle-5.6.4\lib\gradle-launcher-5.6.4.jar
Launcher Type: SUN_STANDARD

Environment Variables:
PATH=C:\Program Files\Microsoft MPI\Bin\;C:\Windows\system32;C:\Windows;C:\Windows\System32\Wbem;C:\Windows\System32\WindowsPowerShell\v1.0\;C:\Windows\System32\OpenSSH\;C:\Program Files\Microsoft SQL Server\Client SDK\ODBC\130\Tools\Binn\;C:\Program Files (x86)\Microsoft SQL Server\140\Tools\Binn\;C:\Program Files\Microsoft SQL Server\140\Tools\Binn\;C:\Program Files\Microsoft SQL Server\140\DTS\Binn\;C:\Program Files (x86)\Microsoft SQL Server\140\DTS\Binn\;C:\Program Files (x86)\Microsoft SQL Server\150\DTS\Binn\;C:\Program Files (x86)\Windows Live\Shared;C:\Program Files\dotnet\;C:\Program Files\Microsoft SQL Server\130\Tools\Binn\;C:\Program Files\Microsoft SQL Server\Client SDK\ODBC\170\Tools\Binn\;C:\Users\Admin\AppData\Local\Microsoft\WindowsApps;
USERNAME=KetNgan
OS=Windows_NT
PROCESSOR_IDENTIFIER=Intel64 Family 6 Model 58 Stepping 9, GenuineIntel



---------------  S Y S T E M  ---------------

OS: Windows 10.0 , 64 bit Build 17134 (10.0.17134.1)

CPU:total 4 (initial active 4) (2 cores per cpu, 2 threads per core) family 6 model 58 stepping 9, cmov, cx8, fxsr, mmx, sse, sse2, sse3, ssse3, sse4.1, sse4.2, popcnt, avx, clmul, erms, ht, tsc, tscinvbit, tscinv

Memory: 4k page, physical 4088932k(431896k free), swap 8365516k(8360k free)

vm_info: OpenJDK 64-Bit Server VM (25.212-b04) for windows-amd64 JRE (1.8.0_212-release-1586-b04), built by "builder" with MS VC++ 10.0 (VS2010)

time: Wed Apr 22 23:11:28 2020
timezone: SE Asia Standard Time
elapsed time: 3815 seconds (0d 1h 3m 35s)

